<beans xmlns="http://www.springframework.org/schema/beans"
	xmlns:xsi="http://www.w3.org/2001/XMLSchema-instance"
	xsi:schemaLocation="http://www.springframework.org/schema/beans
	http://www.springframework.org/schema/beans/spring-beans-2.5.xsd">
 
	<bean id="helloBean" class="com.mkyong.common.HelloWorld">
		<property name="name" value="Mkyong" />
	</bean>
	
	
 	<bean id="Factory" class="com.rapid.arq.server.FactoryService">
 
 
 	<bean id="FactoryRenombrado" factory-bean="Factory" factory-method="getRanameContract">
 		<property name="" ></property>
 	</bean>
 
</beans>